Arguments: 
  C:\Program Files\nodejs\node.exe C:\Users\Doc\AppData\Roaming\npm\node_modules\yarn\bin\yarn.js add next-auth

PATH: 
  C:\Users\Doc\bin;C:\Program Files\Git\mingw64\bin;C:\Program Files\Git\usr\local\bin;C:\Program Files\Git\usr\bin;C:\Program Files\Git\usr\bin;C:\Program Files\Git\mingw64\bin;C:\Program Files\Git\usr\bin;C:\Users\Doc\bin;C:\Program Files (x86)\RSA SecurID Token Common;C:\Program Files\RSA SecurID Token Common;C:\Windows\system32;C:\Windows;C:\Windows\System32\Wbem;C:\Windows\System32\WindowsPowerShell\v1.0;C:\Windows\System32\OpenSSH;C:\Program Files\dotnet;C:\Program Files (x86)\dotnet;C:\Program Files\Git\cmd;C:\Program Files\Docker\Docker\resources\bin;C:\ProgramData\DockerDesktop\version-bin;C:\Users\Doc\AppData\Roaming\npm;C:\Program Files\nodejs;C:\Program Files\RSA SecurID Token Common;C:\Users\Doc\AppData\Local\GitHubDesktop\bin;C:\Users\Doc\AppData\Local\Programs\Microsoft VS Code\bin;C:\Users\Doc\AppData\Roaming\npm;C:\Program Files\Git\usr\bin\vendor_perl;C:\Program Files\Git\usr\bin\core_perl;C:\Users\Doc\.rvm\bin

Yarn version: 
  1.22.19

Node version: 
  16.15.1

Platform: 
  win32 x64

Trace: 
  Error: EPERM: operation not permitted, unlink 'C:\Users\Doc\Desktop\twitter-login\node_modules\@next\swc-win32-x64-msvc\next-swc.win32-x64-msvc.node'

npm manifest: 
  {
    "name": "twitter-login",
    "version": "0.1.0",
    "private": true,
    "scripts": {
      "dev": "next dev",
      "build": "next build",
      "start": "next start",
      "lint": "next lint"
    },
    "dependencies": {
      "@types/node": "18.11.8",
      "@types/react": "18.0.24",
      "@types/react-dom": "18.0.8",
      "next": "13.0.1",
      "react": "18.2.0",
      "react-dom": "18.2.0",
      "typescript": "4.8.4"
    }
  }

yarn manifest: 
  No manifest

Lockfile: 
  No lockfile
